<?xml version="1.0" encoding="UTF-8"?>
<testng-results ignored="0" total="1" passed="1" failed="0" skipped="0">
  <reporter-output>
    <line>
      <![CDATA[Reading data From properties Files]]>
    </line>
    <line>
      <![CDATA[launching Browser]]>
    </line>
    <line>
      <![CDATA[click on Gender]]>
    </line>
    <line>
      <![CDATA[click on Next Button of health plane pages ]]>
    </line>
    <line>
      <![CDATA[Reading data From Excel Files]]>
    </line>
    <line>
      <![CDATA[reading data From excel ]]>
    </line>
    <line>
      <![CDATA[handle Age drop dwon ]]>
    </line>
    <line>
      <![CDATA[clilk on the next Button of members details pages]]>
    </line>
    <line>
      <![CDATA[Reading data From Excel Files]]>
    </line>
    <line>
      <![CDATA[reading data From excel ]]>
    </line>
    <line>
      <![CDATA[Enter Pincode ]]>
    </line>
    <line>
      <![CDATA[Reading data From Excel Files]]>
    </line>
    <line>
      <![CDATA[reading data From excel ]]>
    </line>
    <line>
      <![CDATA[Enter MobNumber ]]>
    </line>
    <line>
      <![CDATA[click on next contineous button ]]>
    </line>
    <line>
      <![CDATA[Getting planes number from text]]>
    </line>
    <line>
      <![CDATA[Getting planes number from cards]]>
    </line>
    <line>
      <![CDATA[plane number are match Tc is pass]]>
    </line>
    <line>
      <![CDATA[taking screenshot save atC:\Users\ingal\eclipse-workspace\23rdNovmoring24Maven\screenshotvalidatecoverFoxPlanes.png]]>
    </line>
    <line>
      <![CDATA[Test validatecoverFoxPlanesis sucesss]]>
    </line>
    <line>
      <![CDATA[close Browser]]>
    </line>
    <line>
      <![CDATA[closing  Browser]]>
    </line>
  </reporter-output>
  <suite started-at="2026-04-10T18:06:58 IST" name="Suite" finished-at="2026-04-10T18:07:19 IST" duration-ms="21100">
    <groups>
    </groups>
    <test started-at="2026-04-10T18:06:58 IST" name="Test" finished-at="2026-04-10T18:07:19 IST" duration-ms="21100">
      <class name="com.coverFox_test.CoverFoxTestUsingTestNG">
        <test-method is-config="true" signature="launchBrowser()[pri:0, instance:com.coverFox_test.CoverFoxTestUsingTestNG@12468a38]" started-at="2026-04-10T18:06:58 IST" name="launchBrowser" finished-at="2026-04-10T18:07:01 IST" duration-ms="3177" status="PASS">
          <reporter-output>
            <line>
              <![CDATA[Reading data From properties Files]]>
            </line>
            <line>
              <![CDATA[launching Browser]]>
            </line>
          </reporter-output>
        </test-method> <!-- launchBrowser -->
        <test-method is-config="true" signature="coverFoxPreCondtions()[pri:0, instance:com.coverFox_test.CoverFoxTestUsingTestNG@12468a38]" started-at="2026-04-10T18:07:01 IST" name="coverFoxPreCondtions" finished-at="2026-04-10T18:07:10 IST" duration-ms="8841" status="PASS">
          <reporter-output>
            <line>
              <![CDATA[click on Gender]]>
            </line>
            <line>
              <![CDATA[click on Next Button of health plane pages ]]>
            </line>
            <line>
              <![CDATA[Reading data From Excel Files]]>
            </line>
            <line>
              <![CDATA[reading data From excel ]]>
            </line>
            <line>
              <![CDATA[handle Age drop dwon ]]>
            </line>
            <line>
              <![CDATA[clilk on the next Button of members details pages]]>
            </line>
            <line>
              <![CDATA[Reading data From Excel Files]]>
            </line>
            <line>
              <![CDATA[reading data From excel ]]>
            </line>
            <line>
              <![CDATA[Enter Pincode ]]>
            </line>
            <line>
              <![CDATA[Reading data From Excel Files]]>
            </line>
            <line>
              <![CDATA[reading data From excel ]]>
            </line>
            <line>
              <![CDATA[Enter MobNumber ]]>
            </line>
            <line>
              <![CDATA[click on next contineous button ]]>
            </line>
          </reporter-output>
        </test-method> <!-- coverFoxPreCondtions -->
        <test-method signature="validatecoverFoxPlanes()[pri:0, instance:com.coverFox_test.CoverFoxTestUsingTestNG@12468a38]" started-at="2026-04-10T18:07:10 IST" name="validatecoverFoxPlanes" finished-at="2026-04-10T18:07:18 IST" duration-ms="8502" status="PASS">
          <reporter-output>
            <line>
              <![CDATA[Getting planes number from text]]>
            </line>
            <line>
              <![CDATA[Getting planes number from cards]]>
            </line>
            <line>
              <![CDATA[plane number are match Tc is pass]]>
            </line>
            <line>
              <![CDATA[taking screenshot save atC:\Users\ingal\eclipse-workspace\23rdNovmoring24Maven\screenshotvalidatecoverFoxPlanes.png]]>
            </line>
            <line>
              <![CDATA[Test validatecoverFoxPlanesis sucesss]]>
            </line>
          </reporter-output>
        </test-method> <!-- validatecoverFoxPlanes -->
        <test-method is-config="true" signature="BrowserClose()[pri:0, instance:com.coverFox_test.CoverFoxTestUsingTestNG@12468a38]" started-at="2026-04-10T18:07:18 IST" name="BrowserClose" finished-at="2026-04-10T18:07:19 IST" duration-ms="488" status="PASS">
          <reporter-output>
            <line>
              <![CDATA[close Browser]]>
            </line>
            <line>
              <![CDATA[closing  Browser]]>
            </line>
          </reporter-output>
        </test-method> <!-- BrowserClose -->
      </class> <!-- com.coverFox_test.CoverFoxTestUsingTestNG -->
    </test> <!-- Test -->
  </suite> <!-- Suite -->
</testng-results>
