<?xml version="1.0" encoding="UTF-8"?>
<testsuite xmlns:xsi="http://www.w3.org/2001/XMLSchema-instance" xsi:noNamespaceSchemaLocation="https://maven.apache.org/surefire/maven-surefire-plugin/xsd/surefire-test-report.xsd" version="3.0.2" name="TestSuite" time="23.682" tests="1" errors="0" skipped="0" failures="0" flakes="0">
  <properties>
[...]
</properties>
  <testcase name="validatecoverFoxPlanes" classname="com.coverFox_test.CoverFoxTestUsingTestNG" time="8.349">
    <system-out><![CDATA[ INFO [main] (CoverFoxTestUsingTestNG.java:52)- Welcome to coverFox Testing
Reading data From properties Files
launching Browser
 WARN [main] (CoverFoxTestUsingTestNG.java:58)- Launching Browser
 INFO [main] (CoverFoxTestUsingTestNG.java:60)- getLogger
click on Gender
 INFO [main] (CoverFoxTestUsingTestNG.java:74)- clickongender
click on Next Button of health plane pages 
 INFO [main] (CoverFoxTestUsingTestNG.java:76)- clickonNextButtonHealthPages
Reading data From Excel Files
2026-04-16T19:00:05.863494300Z main ERROR Log4j API could not find a logging provider.
reading data From excel 
handle Age drop dwon 
 INFO [main] (CoverFoxTestUsingTestNG.java:78)- handleAgeDropDown
clilk on the next Button of members details pages
 INFO [main] (CoverFoxTestUsingTestNG.java:80)- clickonextButtonofmembersdetailspages
Reading data From Excel Files
reading data From excel 
Enter Pincode 
 INFO [main] (CoverFoxTestUsingTestNG.java:82)- enterpincode
Reading data From Excel Files
reading data From excel 
Enter MobNumber 
 INFO [main] (CoverFoxTestUsingTestNG.java:84)- entermobilenumber
click on next contineous button 
 INFO [main] (CoverFoxTestUsingTestNG.java:86)- clickoncontinuebutton
Getting planes number from text
Getting planes number from cards
 INFO [main] (CoverFoxTestUsingTestNG.java:97)- validate coverFoxPlanes
plane number are match Tc is pass
taking screenshot save atC:\Users\ingal\eclipse-workspace\23rdNovmoring24Maven\screenshotvalidatecoverFoxPlanes.png
Test validatecoverFoxPlanesis sucesss
]]></system-out>
    <system-err><![CDATA[SLF4J(W): No SLF4J providers were found.
SLF4J(W): Defaulting to no-operation (NOP) logger implementation
SLF4J(W): See https://www.slf4j.org/codes.html#noProviders for further details.
Apr 17, 2026 12:30:01 AM org.openqa.selenium.devtools.CdpVersionFinder findNearestMatch
WARNING: Unable to find an exact match for CDP version 147, returning the closest version; found: 145; Please update to a Selenium version that supports CDP version 147
]]></system-err>
  </testcase>
</testsuite>