<?xml version="1.0" encoding="UTF-8"?>
<!-- Generated by org.testng.reporters.JUnitReportReporter -->
<testsuite hostname="Snehal" failures="0" tests="1" name="com.coverFox_test.CoverFoxTestUsingTestNG" time="18.298" errors="0" timestamp="2026-04-17T00:31:10 IST" skipped="0">
  <testcase classname="com.coverFox_test.CoverFoxTestUsingTestNG" name="validatecoverFoxPlanes" time="18.298">
    <system-out>
      <![CDATA[Getting planes number from text
Getting planes number from cards
plane number are match Tc is pass
taking screenshot save atC:\Users\ingal\eclipse-workspace\23rdNovmoring24Maven\screenshotvalidatecoverFoxPlanes.png
Test validatecoverFoxPlanesis sucesss]]>
    </system-out>
  </testcase> <!-- validatecoverFoxPlanes -->
  <system-out>
    <![CDATA[Reading data From properties Files
launching Browser
click on Gender
click on Next Button of health plane pages 
Reading data From Excel Files
reading data From excel 
handle Age drop dwon 
clilk on the next Button of members details pages
Reading data From Excel Files
reading data From excel 
Enter Pincode 
Reading data From Excel Files
reading data From excel 
Enter MobNumber 
click on next contineous button 
Getting planes number from text
Getting planes number from cards
plane number are match Tc is pass
taking screenshot save atC:\Users\ingal\eclipse-workspace\23rdNovmoring24Maven\screenshotvalidatecoverFoxPlanes.png
Test validatecoverFoxPlanesis sucesss
close Browser
closing  Browser]]>
  </system-out>
</testsuite> <!-- com.coverFox_test.CoverFoxTestUsingTestNG -->
